build/app/intermediates/manifest_merge_blame_file/debug/manifest-merger-blame-debug-report.txt
1<?xml version="1.0" encoding="utf-8"?>
2<manifest xmlns:android="http://schemas.android.com/apk/res/android"
3    package="com.gradding.ielts"
4    android:versionCode="1"
5    android:versionName="1.0.0" >
6
7    <uses-sdk
8        android:minSdkVersion="21"
9        android:targetSdkVersion="33" />
10    <!--
11         The INTERNET permission is required for development. Specifically,
12         the Flutter tool needs it to communicate with the running application
13         to allow setting breakpoints, to provide hot reload, etc.
14    -->
15    <uses-permission android:name="android.permission.INTERNET" />
15-->src/main/AndroidManifest.xml:2:5-67
15-->src/main/AndroidManifest.xml:2:22-64
16    <uses-permission android:name="android.permission.CAMERA" />
16-->src/main/AndroidManifest.xml:3:5-65
16-->src/main/AndroidManifest.xml:3:22-62
17    <uses-permission
17-->src/main/AndroidManifest.xml:4:5-80
18        android:name="android.permission.READ_EXTERNAL_STORAGE"
18-->src/main/AndroidManifest.xml:4:22-77
19        android:maxSdkVersion="32" />
19-->[:open_filex] AndroidManifest.xml:12:9-35
20    <uses-permission android:name="android.permission.WRITE_EXTERNAL_STORAGE" />
20-->src/main/AndroidManifest.xml:5:5-81
20-->src/main/AndroidManifest.xml:5:22-78
21    <uses-permission android:name="android.permission.POST_NOTIFICATIONS" />
21-->src/main/AndroidManifest.xml:6:5-77
21-->src/main/AndroidManifest.xml:6:22-74
22    <uses-permission android:name="android.permission.READ_MEDIA_IMAGES" />
22-->[:open_filex] AndroidManifest.xml:13:5-76
22-->[:open_filex] AndroidManifest.xml:13:22-73
23    <uses-permission android:name="android.permission.READ_MEDIA_VIDEO" />
23-->[:open_filex] AndroidManifest.xml:14:5-75
23-->[:open_filex] AndroidManifest.xml:14:22-72
24    <uses-permission android:name="android.permission.READ_MEDIA_AUDIO" />
24-->[:open_filex] AndroidManifest.xml:15:5-75
24-->[:open_filex] AndroidManifest.xml:15:22-72
25
26    <queries>
26-->[:flutter_inappwebview] AndroidManifest.xml:9:5-13:15
27        <intent>
27-->[:flutter_inappwebview] AndroidManifest.xml:10:9-12:18
28            <action android:name="android.support.customtabs.action.CustomTabsService" />
28-->[:flutter_inappwebview] AndroidManifest.xml:11:13-90
28-->[:flutter_inappwebview] AndroidManifest.xml:11:21-87
29        </intent>
30        <intent>
30-->[com.razorpay:checkout:1.6.39] AndroidManifest.xml:11:9-17:18
31            <action android:name="android.intent.action.VIEW" />
31-->[com.razorpay:checkout:1.6.39] AndroidManifest.xml:12:13-65
31-->[com.razorpay:checkout:1.6.39] AndroidManifest.xml:12:21-62
32
33            <data
33-->[com.razorpay:checkout:1.6.39] AndroidManifest.xml:14:13-16:38
34                android:mimeType="*/*"
34-->[com.razorpay:checkout:1.6.39] AndroidManifest.xml:15:17-39
35                android:scheme="*" />
35-->[com.razorpay:checkout:1.6.39] AndroidManifest.xml:16:17-35
36        </intent>
37        <intent>
37-->[com.razorpay:checkout:1.6.39] AndroidManifest.xml:18:9-27:18
38            <action android:name="android.intent.action.VIEW" />
38-->[com.razorpay:checkout:1.6.39] AndroidManifest.xml:12:13-65
38-->[com.razorpay:checkout:1.6.39] AndroidManifest.xml:12:21-62
39
40            <category android:name="android.intent.category.BROWSABLE" />
40-->[com.razorpay:checkout:1.6.39] AndroidManifest.xml:21:13-74
40-->[com.razorpay:checkout:1.6.39] AndroidManifest.xml:21:23-71
41
42            <data
42-->[com.razorpay:checkout:1.6.39] AndroidManifest.xml:14:13-16:38
43                android:host="pay"
44                android:mimeType="*/*"
44-->[com.razorpay:checkout:1.6.39] AndroidManifest.xml:15:17-39
45                android:scheme="upi" />
45-->[com.razorpay:checkout:1.6.39] AndroidManifest.xml:16:17-35
46        </intent>
47        <intent>
47-->[com.razorpay:checkout:1.6.39] AndroidManifest.xml:28:9-30:18
48            <action android:name="android.intent.action.MAIN" />
48-->[com.razorpay:checkout:1.6.39] AndroidManifest.xml:29:13-65
48-->[com.razorpay:checkout:1.6.39] AndroidManifest.xml:29:21-62
49        </intent>
50        <intent>
50-->[com.razorpay:checkout:1.6.39] AndroidManifest.xml:31:9-35:18
51            <action android:name="android.intent.action.SEND" />
51-->[com.razorpay:checkout:1.6.39] AndroidManifest.xml:32:13-65
51-->[com.razorpay:checkout:1.6.39] AndroidManifest.xml:32:21-62
52
53            <data android:mimeType="*/*" />
53-->[com.razorpay:checkout:1.6.39] AndroidManifest.xml:14:13-16:38
53-->[com.razorpay:checkout:1.6.39] AndroidManifest.xml:15:17-39
54        </intent>
55        <intent>
55-->[com.razorpay:checkout:1.6.39] AndroidManifest.xml:36:9-38:18
56            <action android:name="rzp.device_token.share" />
56-->[com.razorpay:checkout:1.6.39] AndroidManifest.xml:37:13-61
56-->[com.razorpay:checkout:1.6.39] AndroidManifest.xml:37:21-58
57        </intent>
58    </queries> <!-- Include required permissions for Google Maps API to run. -->
59    <uses-permission android:name="android.permission.ACCESS_NETWORK_STATE" />
59-->[com.google.android.gms:play-services-maps:17.0.0] AndroidManifest.xml:23:5-79
59-->[com.google.android.gms:play-services-maps:17.0.0] AndroidManifest.xml:23:22-76
60
61    <uses-feature
61-->[com.google.android.gms:play-services-maps:17.0.0] AndroidManifest.xml:26:5-28:35
62        android:glEsVersion="0x00020000"
62-->[com.google.android.gms:play-services-maps:17.0.0] AndroidManifest.xml:27:9-41
63        android:required="true" />
63-->[com.google.android.gms:play-services-maps:17.0.0] AndroidManifest.xml:28:9-32
64
65    <permission
65-->[androidx.core:core:1.12.0] AndroidManifest.xml:22:5-24:47
66        android:name="com.gradding.ielts.DYNAMIC_RECEIVER_NOT_EXPORTED_PERMISSION"
66-->[androidx.core:core:1.12.0] AndroidManifest.xml:23:9-81
67        android:protectionLevel="signature" />
67-->[androidx.core:core:1.12.0] AndroidManifest.xml:24:9-44
68
69    <uses-permission android:name="com.gradding.ielts.DYNAMIC_RECEIVER_NOT_EXPORTED_PERMISSION" />
69-->[androidx.core:core:1.12.0] AndroidManifest.xml:26:5-97
69-->[androidx.core:core:1.12.0] AndroidManifest.xml:26:22-94
70
71    <application
72        android:name="android.app.Application"
73        android:appComponentFactory="androidx.core.app.CoreComponentFactory"
73-->[androidx.core:core:1.12.0] AndroidManifest.xml:28:18-86
74        android:debuggable="true"
75        android:icon="@mipmap/ic_launcher"
76        android:label="Ielts Grad" >
77        <activity
78            android:name="com.gradding.ielts.MainActivity"
79            android:configChanges="orientation|keyboardHidden|keyboard|screenSize|smallestScreenSize|locale|layoutDirection|fontScale|screenLayout|density|uiMode"
80            android:exported="true"
81            android:hardwareAccelerated="true"
82            android:launchMode="singleTop"
83            android:theme="@style/LaunchTheme"
84            android:windowSoftInputMode="adjustResize" >
85
86            <!--
87                 Specifies an Android theme to apply to this Activity as soon as
88                 the Android process has started. This theme is visible to the user
89                 while the Flutter UI initializes. After that, this theme continues
90                 to determine the Window background behind the Flutter UI.
91            -->
92            <meta-data
93                android:name="io.flutter.embedding.android.NormalTheme"
94                android:resource="@style/NormalTheme" />
95
96            <intent-filter>
97                <action android:name="android.intent.action.MAIN" />
97-->[com.razorpay:checkout:1.6.39] AndroidManifest.xml:29:13-65
97-->[com.razorpay:checkout:1.6.39] AndroidManifest.xml:29:21-62
98
99                <category android:name="android.intent.category.LAUNCHER" />
100            </intent-filter>
101        </activity>
102
103        <!-- for the image cropper when upload the documents or images -->
104        <activity
105            android:name="com.yalantis.ucrop.UCropActivity"
106            android:screenOrientation="portrait"
107            android:theme="@style/Theme.AppCompat.Light.NoActionBar" />
108
109        <!--
110             Don't delete the meta-data below.
111             This is used by the Flutter tool to generate GeneratedPluginRegistrant.java
112        -->
113
114        <meta-data
115            android:name="flutterEmbedding"
116            android:value="2" />
117
118        <provider
118-->[:image_picker_android] AndroidManifest.xml:10:9-18:20
119            android:name="io.flutter.plugins.imagepicker.ImagePickerFileProvider"
119-->[:image_picker_android] AndroidManifest.xml:11:13-82
120            android:authorities="com.gradding.ielts.flutter.image_provider"
120-->[:image_picker_android] AndroidManifest.xml:12:13-74
121            android:exported="false"
121-->[:image_picker_android] AndroidManifest.xml:13:13-37
122            android:grantUriPermissions="true" >
122-->[:image_picker_android] AndroidManifest.xml:14:13-47
123            <meta-data
123-->[:image_picker_android] AndroidManifest.xml:15:13-17:75
124                android:name="android.support.FILE_PROVIDER_PATHS"
124-->[:image_picker_android] AndroidManifest.xml:16:17-67
125                android:resource="@xml/flutter_image_picker_file_paths" />
125-->[:image_picker_android] AndroidManifest.xml:17:17-72
126        </provider>
127
128        <activity
128-->[:url_launcher_android] AndroidManifest.xml:10:9-13:74
129            android:name="io.flutter.plugins.urllauncher.WebViewActivity"
129-->[:url_launcher_android] AndroidManifest.xml:11:13-74
130            android:exported="false"
130-->[:url_launcher_android] AndroidManifest.xml:12:13-37
131            android:theme="@android:style/Theme.NoTitleBar.Fullscreen" />
131-->[:url_launcher_android] AndroidManifest.xml:13:13-71
132
133        <provider
133-->[:open_filex] AndroidManifest.xml:18:9-27:20
134            android:name="com.crazecoder.openfile.FileProvider"
134-->[:open_filex] AndroidManifest.xml:19:13-64
135            android:authorities="com.gradding.ielts.fileProvider.com.crazecoder.openfile"
135-->[:open_filex] AndroidManifest.xml:20:13-88
136            android:exported="false"
136-->[:open_filex] AndroidManifest.xml:21:13-37
137            android:grantUriPermissions="true" >
137-->[:open_filex] AndroidManifest.xml:22:13-47
138            <meta-data
138-->[:image_picker_android] AndroidManifest.xml:15:13-17:75
139                android:name="android.support.FILE_PROVIDER_PATHS"
139-->[:image_picker_android] AndroidManifest.xml:16:17-67
140                android:resource="@xml/filepaths" />
140-->[:image_picker_android] AndroidManifest.xml:17:17-72
141        </provider>
142
143        <activity
143-->[:flutter_inappwebview] AndroidManifest.xml:16:9-20:47
144            android:name="com.pichillilorenzo.flutter_inappwebview.in_app_browser.InAppBrowserActivity"
144-->[:flutter_inappwebview] AndroidManifest.xml:17:13-104
145            android:configChanges="orientation|keyboardHidden|keyboard|screenSize|locale|layoutDirection|fontScale|screenLayout|density"
145-->[:flutter_inappwebview] AndroidManifest.xml:18:13-137
146            android:exported="false"
146-->[:flutter_inappwebview] AndroidManifest.xml:19:13-37
147            android:theme="@style/AppTheme" />
147-->[:flutter_inappwebview] AndroidManifest.xml:20:13-44
148        <activity
148-->[:flutter_inappwebview] AndroidManifest.xml:21:9-24:55
149            android:name="com.pichillilorenzo.flutter_inappwebview.chrome_custom_tabs.ChromeCustomTabsActivity"
149-->[:flutter_inappwebview] AndroidManifest.xml:22:13-112
150            android:exported="false"
150-->[:flutter_inappwebview] AndroidManifest.xml:23:13-37
151            android:theme="@style/ThemeTransparent" />
151-->[:flutter_inappwebview] AndroidManifest.xml:24:13-52
152        <activity
152-->[:flutter_inappwebview] AndroidManifest.xml:25:9-28:55
153            android:name="com.pichillilorenzo.flutter_inappwebview.chrome_custom_tabs.TrustedWebActivity"
153-->[:flutter_inappwebview] AndroidManifest.xml:26:13-106
154            android:exported="false"
154-->[:flutter_inappwebview] AndroidManifest.xml:27:13-37
155            android:theme="@style/ThemeTransparent" />
155-->[:flutter_inappwebview] AndroidManifest.xml:28:13-52
156        <activity
156-->[:flutter_inappwebview] AndroidManifest.xml:29:9-33:55
157            android:name="com.pichillilorenzo.flutter_inappwebview.chrome_custom_tabs.ChromeCustomTabsActivitySingleInstance"
157-->[:flutter_inappwebview] AndroidManifest.xml:30:13-126
158            android:exported="false"
158-->[:flutter_inappwebview] AndroidManifest.xml:31:13-37
159            android:launchMode="singleInstance"
159-->[:flutter_inappwebview] AndroidManifest.xml:32:13-48
160            android:theme="@style/ThemeTransparent" />
160-->[:flutter_inappwebview] AndroidManifest.xml:33:13-52
161        <activity
161-->[:flutter_inappwebview] AndroidManifest.xml:34:9-38:55
162            android:name="com.pichillilorenzo.flutter_inappwebview.chrome_custom_tabs.TrustedWebActivitySingleInstance"
162-->[:flutter_inappwebview] AndroidManifest.xml:35:13-120
163            android:exported="false"
163-->[:flutter_inappwebview] AndroidManifest.xml:36:13-37
164            android:launchMode="singleInstance"
164-->[:flutter_inappwebview] AndroidManifest.xml:37:13-48
165            android:theme="@style/ThemeTransparent" />
165-->[:flutter_inappwebview] AndroidManifest.xml:38:13-52
166
167        <receiver
167-->[:flutter_inappwebview] AndroidManifest.xml:40:9-43:40
168            android:name="com.pichillilorenzo.flutter_inappwebview.chrome_custom_tabs.ActionBroadcastReceiver"
168-->[:flutter_inappwebview] AndroidManifest.xml:41:13-111
169            android:enabled="true"
169-->[:flutter_inappwebview] AndroidManifest.xml:42:13-35
170            android:exported="false" />
170-->[:flutter_inappwebview] AndroidManifest.xml:43:13-37
171
172        <meta-data
172-->[:flutter_inappwebview] AndroidManifest.xml:45:9-47:36
173            android:name="io.flutter.embedded_views_preview"
173-->[:flutter_inappwebview] AndroidManifest.xml:46:13-61
174            android:value="true" />
174-->[:flutter_inappwebview] AndroidManifest.xml:47:13-33
175
176        <receiver
176-->[com.razorpay:checkout:1.6.39] AndroidManifest.xml:42:9-49:20
177            android:name="com.razorpay.RzpTokenReceiver"
177-->[com.razorpay:checkout:1.6.39] AndroidManifest.xml:43:13-57
178            android:exported="true" >
178-->[com.razorpay:checkout:1.6.39] AndroidManifest.xml:44:13-36
179            <intent-filter>
179-->[com.razorpay:checkout:1.6.39] AndroidManifest.xml:46:13-48:29
180                <action android:name="rzp.device_token.share" />
180-->[com.razorpay:checkout:1.6.39] AndroidManifest.xml:37:13-61
180-->[com.razorpay:checkout:1.6.39] AndroidManifest.xml:37:21-58
181            </intent-filter>
182        </receiver>
183
184        <activity
184-->[com.razorpay:checkout:1.6.39] AndroidManifest.xml:51:9-59:20
185            android:name="com.razorpay.CheckoutActivity"
185-->[com.razorpay:checkout:1.6.39] AndroidManifest.xml:52:13-57
186            android:configChanges="keyboard|keyboardHidden|orientation|screenSize"
186-->[com.razorpay:checkout:1.6.39] AndroidManifest.xml:53:13-83
187            android:exported="false"
187-->[com.razorpay:checkout:1.6.39] AndroidManifest.xml:54:13-37
188            android:theme="@style/CheckoutTheme" >
188-->[com.razorpay:checkout:1.6.39] AndroidManifest.xml:55:13-49
189            <intent-filter>
189-->[com.razorpay:checkout:1.6.39] AndroidManifest.xml:56:13-58:29
190                <action android:name="android.intent.action.MAIN" />
190-->[com.razorpay:checkout:1.6.39] AndroidManifest.xml:29:13-65
190-->[com.razorpay:checkout:1.6.39] AndroidManifest.xml:29:21-62
191            </intent-filter>
192        </activity>
193
194        <meta-data
194-->[com.razorpay:checkout:1.6.39] AndroidManifest.xml:61:9-63:58
195            android:name="com.razorpay.plugin.googlepay_all"
195-->[com.razorpay:checkout:1.6.39] AndroidManifest.xml:62:13-61
196            android:value="com.razorpay.RzpGpayMerged" />
196-->[com.razorpay:checkout:1.6.39] AndroidManifest.xml:63:13-55
197
198        <activity
198-->[com.google.android.gms:play-services-auth:21.1.0] AndroidManifest.xml:23:9-27:75
199            android:name="com.google.android.gms.auth.api.signin.internal.SignInHubActivity"
199-->[com.google.android.gms:play-services-auth:21.1.0] AndroidManifest.xml:24:13-93
200            android:excludeFromRecents="true"
200-->[com.google.android.gms:play-services-auth:21.1.0] AndroidManifest.xml:25:13-46
201            android:exported="false"
201-->[com.google.android.gms:play-services-auth:21.1.0] AndroidManifest.xml:26:13-37
202            android:theme="@android:style/Theme.Translucent.NoTitleBar" />
202-->[com.google.android.gms:play-services-auth:21.1.0] AndroidManifest.xml:27:13-72
203        <!--
204            Service handling Google Sign-In user revocation. For apps that do not integrate with
205            Google Sign-In, this service will never be started.
206        -->
207        <service
207-->[com.google.android.gms:play-services-auth:21.1.0] AndroidManifest.xml:33:9-37:51
208            android:name="com.google.android.gms.auth.api.signin.RevocationBoundService"
208-->[com.google.android.gms:play-services-auth:21.1.0] AndroidManifest.xml:34:13-89
209            android:exported="true"
209-->[com.google.android.gms:play-services-auth:21.1.0] AndroidManifest.xml:35:13-36
210            android:permission="com.google.android.gms.auth.api.signin.permission.REVOCATION_NOTIFICATION"
210-->[com.google.android.gms:play-services-auth:21.1.0] AndroidManifest.xml:36:13-107
211            android:visibleToInstantApps="true" /> <!-- Needs to be explicitly declared on P+ -->
211-->[com.google.android.gms:play-services-auth:21.1.0] AndroidManifest.xml:37:13-48
212        <uses-library
212-->[com.google.android.gms:play-services-maps:17.0.0] AndroidManifest.xml:33:9-35:40
213            android:name="org.apache.http.legacy"
213-->[com.google.android.gms:play-services-maps:17.0.0] AndroidManifest.xml:34:13-50
214            android:required="false" />
214-->[com.google.android.gms:play-services-maps:17.0.0] AndroidManifest.xml:35:13-37
215
216        <activity
216-->[com.google.android.gms:play-services-base:18.3.0] AndroidManifest.xml:20:9-22:45
217            android:name="com.google.android.gms.common.api.GoogleApiActivity"
217-->[com.google.android.gms:play-services-base:18.3.0] AndroidManifest.xml:20:19-85
218            android:exported="false"
218-->[com.google.android.gms:play-services-base:18.3.0] AndroidManifest.xml:22:19-43
219            android:theme="@android:style/Theme.Translucent.NoTitleBar" />
219-->[com.google.android.gms:play-services-base:18.3.0] AndroidManifest.xml:21:19-78
220
221        <meta-data
221-->[com.google.android.gms:play-services-basement:18.3.0] AndroidManifest.xml:21:9-23:69
222            android:name="com.google.android.gms.version"
222-->[com.google.android.gms:play-services-basement:18.3.0] AndroidManifest.xml:22:13-58
223            android:value="@integer/google_play_services_version" />
223-->[com.google.android.gms:play-services-basement:18.3.0] AndroidManifest.xml:23:13-66
224
225        <provider
225-->[androidx.emoji2:emoji2:1.2.0] AndroidManifest.xml:24:9-32:20
226            android:name="androidx.startup.InitializationProvider"
226-->[androidx.emoji2:emoji2:1.2.0] AndroidManifest.xml:25:13-67
227            android:authorities="com.gradding.ielts.androidx-startup"
227-->[androidx.emoji2:emoji2:1.2.0] AndroidManifest.xml:26:13-68
228            android:exported="false" >
228-->[androidx.emoji2:emoji2:1.2.0] AndroidManifest.xml:27:13-37
229            <meta-data
229-->[androidx.emoji2:emoji2:1.2.0] AndroidManifest.xml:29:13-31:52
230                android:name="androidx.emoji2.text.EmojiCompatInitializer"
230-->[androidx.emoji2:emoji2:1.2.0] AndroidManifest.xml:30:17-75
231                android:value="androidx.startup" />
231-->[androidx.emoji2:emoji2:1.2.0] AndroidManifest.xml:31:17-49
232            <meta-data
232-->[androidx.lifecycle:lifecycle-process:2.6.1] AndroidManifest.xml:29:13-31:52
233                android:name="androidx.lifecycle.ProcessLifecycleInitializer"
233-->[androidx.lifecycle:lifecycle-process:2.6.1] AndroidManifest.xml:30:17-78
234                android:value="androidx.startup" />
234-->[androidx.lifecycle:lifecycle-process:2.6.1] AndroidManifest.xml:31:17-49
235            <meta-data
235-->[androidx.profileinstaller:profileinstaller:1.3.0] AndroidManifest.xml:29:13-31:52
236                android:name="androidx.profileinstaller.ProfileInstallerInitializer"
236-->[androidx.profileinstaller:profileinstaller:1.3.0] AndroidManifest.xml:30:17-85
237                android:value="androidx.startup" />
237-->[androidx.profileinstaller:profileinstaller:1.3.0] AndroidManifest.xml:31:17-49
238        </provider>
239
240        <uses-library
240-->[androidx.window:window:1.0.0-beta04] AndroidManifest.xml:25:9-27:40
241            android:name="androidx.window.extensions"
241-->[androidx.window:window:1.0.0-beta04] AndroidManifest.xml:26:13-54
242            android:required="false" />
242-->[androidx.window:window:1.0.0-beta04] AndroidManifest.xml:27:13-37
243        <uses-library
243-->[androidx.window:window:1.0.0-beta04] AndroidManifest.xml:28:9-30:40
244            android:name="androidx.window.sidecar"
244-->[androidx.window:window:1.0.0-beta04] AndroidManifest.xml:29:13-51
245            android:required="false" />
245-->[androidx.window:window:1.0.0-beta04] AndroidManifest.xml:30:13-37
246
247        <receiver
247-->[androidx.profileinstaller:profileinstaller:1.3.0] AndroidManifest.xml:34:9-52:20
248            android:name="androidx.profileinstaller.ProfileInstallReceiver"
248-->[androidx.profileinstaller:profileinstaller:1.3.0] AndroidManifest.xml:35:13-76
249            android:directBootAware="false"
249-->[androidx.profileinstaller:profileinstaller:1.3.0] AndroidManifest.xml:36:13-44
250            android:enabled="true"
250-->[androidx.profileinstaller:profileinstaller:1.3.0] AndroidManifest.xml:37:13-35
251            android:exported="true"
251-->[androidx.profileinstaller:profileinstaller:1.3.0] AndroidManifest.xml:38:13-36
252            android:permission="android.permission.DUMP" >
252-->[androidx.profileinstaller:profileinstaller:1.3.0] AndroidManifest.xml:39:13-57
253            <intent-filter>
253-->[androidx.profileinstaller:profileinstaller:1.3.0] AndroidManifest.xml:40:13-42:29
254                <action android:name="androidx.profileinstaller.action.INSTALL_PROFILE" />
254-->[androidx.profileinstaller:profileinstaller:1.3.0] AndroidManifest.xml:41:17-91
254-->[androidx.profileinstaller:profileinstaller:1.3.0] AndroidManifest.xml:41:25-88
255            </intent-filter>
256            <intent-filter>
256-->[androidx.profileinstaller:profileinstaller:1.3.0] AndroidManifest.xml:43:13-45:29
257                <action android:name="androidx.profileinstaller.action.SKIP_FILE" />
257-->[androidx.profileinstaller:profileinstaller:1.3.0] AndroidManifest.xml:44:17-85
257-->[androidx.profileinstaller:profileinstaller:1.3.0] AndroidManifest.xml:44:25-82
258            </intent-filter>
259            <intent-filter>
259-->[androidx.profileinstaller:profileinstaller:1.3.0] AndroidManifest.xml:46:13-48:29
260                <action android:name="androidx.profileinstaller.action.SAVE_PROFILE" />
260-->[androidx.profileinstaller:profileinstaller:1.3.0] AndroidManifest.xml:47:17-88
260-->[androidx.profileinstaller:profileinstaller:1.3.0] AndroidManifest.xml:47:25-85
261            </intent-filter>
262            <intent-filter>
262-->[androidx.profileinstaller:profileinstaller:1.3.0] AndroidManifest.xml:49:13-51:29
263                <action android:name="androidx.profileinstaller.action.BENCHMARK_OPERATION" />
263-->[androidx.profileinstaller:profileinstaller:1.3.0] AndroidManifest.xml:50:17-95
263-->[androidx.profileinstaller:profileinstaller:1.3.0] AndroidManifest.xml:50:25-92
264            </intent-filter>
265        </receiver>
266    </application>
267
268</manifest>